<?xml version="1.0" encoding="UTF-8"?>
<!-- Generated by org.testng.reporters.JUnitReportReporter -->
<testsuite hostname="01CEDHWLAP459" failures="0" tests="2" name="com.INB.tests.TC_LoginRetailUser" time="6.375" errors="1" timestamp="2023-03-03T11:52:02 IST" skipped="1">
  <testcase classname="com.INB.tests.TC_LoginRetailUser" name="setUp" time="6.375">
    <error message="session not created: This version of Microsoft Edge WebDriver only supports Microsoft Edge version 106
Current browser version is 110.0.1587.57 with binary path C:\Program Files (x86)\Microsoft\Edge\Application\msedge.exe
Build info: version: &#039;3.141.59&#039;, revision: &#039;e82be7d358&#039;, time: &#039;2018-11-14T08:17:03&#039;
System info: host: &#039;01CEDHWLAP459&#039;, ip: &#039;10.1.71.71&#039;, os.name: &#039;Windows 10&#039;, os.arch: &#039;amd64&#039;, os.version: &#039;10.0&#039;, java.version: &#039;17.0.3&#039;
Driver info: driver.version: Driver
remote stacktrace: Backtrace:
	Microsoft::Applications::Events::EventProperties::SetProperty [0x00007FF7DCA7F0F2+15282]
	Microsoft::Applications::Events::EventProperty::EventProperty [0x00007FF7DCA1C7F2+1461634]
	Ordinal0 [0x00007FF7DC63C8A5+641189]
	Ordinal0 [0x00007FF7DC66AB4F+830287]
	Ordinal0 [0x00007FF7DC66652E+812334]
	Ordinal0 [0x00007FF7DC661670+792176]
	Ordinal0 [0x00007FF7DC69FEA1+1048225]
	Ordinal0 [0x00007FF7DC69F388+1045384]
	Ordinal0 [0x00007FF7DC6986F3+1017587]
	Ordinal0 [0x00007FF7DC66D104+839940]
	Ordinal0 [0x00007FF7DC66E76F+845679]
	Microsoft::Applications::Events::EventProperty::EventProperty [0x00007FF7DC8D8A18+135080]
	Microsoft::Applications::Events::EventProperty::EventProperty [0x00007FF7DC8C2878+44552]
	Microsoft::Applications::Events::EventProperty::EventProperty [0x00007FF7DC8C57BC+56652]
	Ordinal0 [0x00007FF7DC72A764+1615716]
	Microsoft::Applications::Events::EventProperty::EventProperty [0x00007FF7DCA21D59+1483497]
	Microsoft::Applications::Events::EventProperty::EventProperty [0x00007FF7DCA25C14+1499556]
	Microsoft::Applications::Events::EventProperty::EventProperty [0x00007FF7DCA25D6D+1499901]
	Microsoft::Applications::Events::EventProperty::EventProperty [0x00007FF7DCA2D636+1530822]
	BaseThreadInitThunk [0x00007FF904787614+20]
	RtlUserThreadStart [0x00007FF9048C26A1+33]
" type="org.openqa.selenium.SessionNotCreatedException">
      <![CDATA[org.openqa.selenium.SessionNotCreatedException: session not created: This version of Microsoft Edge WebDriver only supports Microsoft Edge version 106
Current browser version is 110.0.1587.57 with binary path C:\Program Files (x86)\Microsoft\Edge\Application\msedge.exe
Build info: version: '3.141.59', revision: 'e82be7d358', time: '2018-11-14T08:17:03'
System info: host: '01CEDHWLAP459', ip: '10.1.71.71', os.name: 'Windows 10', os.arch: 'amd64', os.version: '10.0', java.version: '17.0.3'
Driver info: driver.version: Driver
remote stacktrace: Backtrace:
Microsoft::Applications::Events::EventProperties::SetProperty [0x00007FF7DCA7F0F2+15282]
Microsoft::Applications::Events::EventProperty::EventProperty [0x00007FF7DCA1C7F2+1461634]
Ordinal0 [0x00007FF7DC63C8A5+641189]
Ordinal0 [0x00007FF7DC66AB4F+830287]
Ordinal0 [0x00007FF7DC66652E+812334]
Ordinal0 [0x00007FF7DC661670+792176]
Ordinal0 [0x00007FF7DC69FEA1+1048225]
Ordinal0 [0x00007FF7DC69F388+1045384]
Ordinal0 [0x00007FF7DC6986F3+1017587]
Ordinal0 [0x00007FF7DC66D104+839940]
Ordinal0 [0x00007FF7DC66E76F+845679]
Microsoft::Applications::Events::EventProperty::EventProperty [0x00007FF7DC8D8A18+135080]
Microsoft::Applications::Events::EventProperty::EventProperty [0x00007FF7DC8C2878+44552]
Microsoft::Applications::Events::EventProperty::EventProperty [0x00007FF7DC8C57BC+56652]
Ordinal0 [0x00007FF7DC72A764+1615716]
Microsoft::Applications::Events::EventProperty::EventProperty [0x00007FF7DCA21D59+1483497]
Microsoft::Applications::Events::EventProperty::EventProperty [0x00007FF7DCA25C14+1499556]
Microsoft::Applications::Events::EventProperty::EventProperty [0x00007FF7DCA25D6D+1499901]
Microsoft::Applications::Events::EventProperty::EventProperty [0x00007FF7DCA2D636+1530822]
BaseThreadInitThunk [0x00007FF904787614+20]
RtlUserThreadStart [0x00007FF9048C26A1+33]

at java.base/jdk.internal.reflect.NativeConstructorAccessorImpl.newInstance0(Native Method)
at java.base/jdk.internal.reflect.NativeConstructorAccessorImpl.newInstance(NativeConstructorAccessorImpl.java:77)
at java.base/jdk.internal.reflect.DelegatingConstructorAccessorImpl.newInstance(DelegatingConstructorAccessorImpl.java:45)
at java.base/java.lang.reflect.Constructor.newInstanceWithCaller(Constructor.java:499)
at java.base/java.lang.reflect.Constructor.newInstance(Constructor.java:480)
at org.openqa.selenium.remote.W3CHandshakeResponse.lambda$errorHandler$0(W3CHandshakeResponse.java:62)
at org.openqa.selenium.remote.HandshakeResponse.lambda$getResponseFunction$0(HandshakeResponse.java:30)
at org.openqa.selenium.remote.ProtocolHandshake.lambda$createSession$0(ProtocolHandshake.java:126)
at java.base/java.util.stream.ReferencePipeline$3$1.accept(ReferencePipeline.java:197)
at java.base/java.util.Spliterators$ArraySpliterator.tryAdvance(Spliterators.java:1002)
at java.base/java.util.stream.ReferencePipeline.forEachWithCancel(ReferencePipeline.java:129)
at java.base/java.util.stream.AbstractPipeline.copyIntoWithCancel(AbstractPipeline.java:527)
at java.base/java.util.stream.AbstractPipeline.copyInto(AbstractPipeline.java:513)
at java.base/java.util.stream.AbstractPipeline.wrapAndCopyInto(AbstractPipeline.java:499)
at java.base/java.util.stream.FindOps$FindOp.evaluateSequential(FindOps.java:150)
at java.base/java.util.stream.AbstractPipeline.evaluate(AbstractPipeline.java:234)
at java.base/java.util.stream.ReferencePipeline.findFirst(ReferencePipeline.java:647)
at org.openqa.selenium.remote.ProtocolHandshake.createSession(ProtocolHandshake.java:128)
at org.openqa.selenium.remote.ProtocolHandshake.createSession(ProtocolHandshake.java:74)
at org.openqa.selenium.remote.HttpCommandExecutor.execute(HttpCommandExecutor.java:136)
at org.openqa.selenium.remote.service.DriverCommandExecutor.execute(DriverCommandExecutor.java:83)
at org.openqa.selenium.remote.RemoteWebDriver.execute(RemoteWebDriver.java:552)
at org.openqa.selenium.remote.RemoteWebDriver.startSession(RemoteWebDriver.java:213)
at org.openqa.selenium.remote.RemoteWebDriver.<init>(RemoteWebDriver.java:131)
at org.openqa.selenium.edge.EdgeDriver.<init>(EdgeDriver.java:141)
at org.openqa.selenium.edge.EdgeDriver.<init>(EdgeDriver.java:96)
at com.INB.driver.Driver.initDriver(Driver.java:27)
at com.INB.tests.BaseTest.setUp(BaseTest.java:27)
at java.base/jdk.internal.reflect.NativeMethodAccessorImpl.invoke0(Native Method)
at java.base/jdk.internal.reflect.NativeMethodAccessorImpl.invoke(NativeMethodAccessorImpl.java:77)
at java.base/jdk.internal.reflect.DelegatingMethodAccessorImpl.invoke(DelegatingMethodAccessorImpl.java:43)
at java.base/java.lang.reflect.Method.invoke(Method.java:568)
at org.testng.internal.MethodInvocationHelper.invokeMethod(MethodInvocationHelper.java:133)
at org.testng.internal.MethodInvocationHelper.invokeMethodConsideringTimeout(MethodInvocationHelper.java:62)
at org.testng.internal.ConfigInvoker.invokeConfigurationMethod(ConfigInvoker.java:385)
at org.testng.internal.ConfigInvoker.invokeConfigurations(ConfigInvoker.java:321)
at org.testng.internal.TestInvoker.runConfigMethods(TestInvoker.java:700)
at org.testng.internal.TestInvoker.invokeMethod(TestInvoker.java:527)
at org.testng.internal.TestInvoker.invokeTestMethod(TestInvoker.java:173)
at org.testng.internal.TestMethodWithDataProviderMethodWorker.call(TestMethodWithDataProviderMethodWorker.java:77)
at org.testng.internal.TestMethodWithDataProviderMethodWorker.call(TestMethodWithDataProviderMethodWorker.java:15)
at java.base/java.util.concurrent.FutureTask.run(FutureTask.java:264)
at java.base/java.util.concurrent.Executors$RunnableAdapter.call(Executors.java:539)
at java.base/java.util.concurrent.FutureTask.run(FutureTask.java:264)
at java.base/java.util.concurrent.ThreadPoolExecutor.runWorker(ThreadPoolExecutor.java:1136)
at java.base/java.util.concurrent.ThreadPoolExecutor$Worker.run(ThreadPoolExecutor.java:635)
at java.base/java.lang.Thread.run(Thread.java:833)
]]>
    </error>
  </testcase> <!-- setUp -->
  <system-out/>
  <testcase classname="com.INB.tests.TC_LoginRetailUser" name="TC00" time="0.000">
    <skipped/>
  </testcase> <!-- TC00 -->
  <system-out/>
</testsuite> <!-- com.INB.tests.TC_LoginRetailUser -->
